<?xml version="1.0" encoding="UTF-8"?>
<testsuite xmlns:xsi="http://www.w3.org/2001/XMLSchema-instance" xsi:noNamespaceSchemaLocation="https://maven.apache.org/surefire/maven-surefire-plugin/xsd/surefire-test-report.xsd" version="3.0.1" name="com.example.ClickHouseClientTest" time="0.751" tests="1" errors="0" skipped="0" failures="0">
  <properties>
[...]
</properties>
  <testcase name="testInsertData" classname="com.example.ClickHouseClientTest" time="0.744">
    <system-out><![CDATA[03:09:27.828 [main] DEBUG com.clickhouse.jdbc.ClickHouseDriver - Loading the 'proxy' JDBC driver into DriverManager.
03:09:27.831 [main] INFO com.clickhouse.jdbc.ClickHouseDriver - ClickHouse JDBC driver version: clickhouse-jdbc 0.8.3 (revision: 5758ec5)
03:09:27.833 [main] DEBUG com.clickhouse.jdbc.ClickHouseDriver - Checking if V1 driver is requested. V2 is the default driver.
03:09:27.833 [main] INFO com.clickhouse.jdbc.ClickHouseDriver - v2 driver
03:09:27.835 [main] DEBUG com.clickhouse.jdbc.Driver - Initializing ClickHouse JDBC driver V2
03:09:27.859 [main] INFO com.clickhouse.jdbc.Driver - ClickHouse JDBC driver version: 0.8.3
03:09:27.860 [main] INFO com.clickhouse.jdbc.ClickHouseDriver - ClickHouse JDBC driver version: clickhouse-jdbc 0.8.3 (revision: 5758ec5)
03:09:27.860 [main] DEBUG com.clickhouse.jdbc.ClickHouseDriver - Checking if V1 driver is requested. V2 is the default driver.
03:09:27.860 [main] INFO com.clickhouse.jdbc.ClickHouseDriver - v2 driver
03:09:27.861 [main] DEBUG com.clickhouse.jdbc.ClickHouseDriver - Checking if V1 driver is requested. V2 is the default driver.
03:09:27.861 [main] INFO com.clickhouse.jdbc.ClickHouseDriver - v2 driver
03:09:27.864 [main] DEBUG com.clickhouse.jdbc.ConnectionImpl - Creating connection to jdbc:clickhouse://localhost:8123
03:09:27.878 [main] DEBUG com.clickhouse.jdbc.ConnectionImpl - Detected frameworks: 
03:09:27.888 [main] DEBUG com.clickhouse.client.api.Client - Using server timezone: UTC
03:09:28.015 [main] DEBUG com.clickhouse.client.api.Client - Connection reuse strategy: FIFO
03:09:28.147 [main] DEBUG com.clickhouse.client.api.Client - client compression: false, server compression: true, http compression: false
03:09:28.358 [main] DEBUG org.apache.hc.client5.http.impl.io.PoolingHttpClientConnectionManager - Closing expired connections
03:09:28.366 [main] DEBUG com.clickhouse.client.api.Client - client compression: false, http compression: false
03:09:28.369 [main] DEBUG org.apache.hc.client5.http.impl.classic.InternalHttpClient - ex-0000000001 preparing request execution
03:09:28.374 [main] DEBUG org.apache.hc.client5.http.impl.classic.ProtocolExec - ex-0000000001 proxy auth state: UNCHALLENGED
03:09:28.374 [main] DEBUG org.apache.hc.client5.http.impl.classic.ConnectExec - ex-0000000001 acquiring connection with route {}->http://localhost:8123
03:09:28.374 [main] DEBUG org.apache.hc.client5.http.impl.classic.InternalHttpClient - ex-0000000001 acquiring endpoint (10000 MILLISECONDS)
03:09:28.376 [main] DEBUG org.apache.hc.client5.http.impl.io.PoolingHttpClientConnectionManager - ex-0000000001 endpoint lease request (10000 MILLISECONDS) [route: {}->http://localhost:8123][total available: 0; route allocated: 0 of 10; total allocated: 0 of 0]
03:09:28.379 [main] DEBUG org.apache.hc.client5.http.impl.io.PoolingHttpClientConnectionManager - ex-0000000001 endpoint leased [route: {}->http://localhost:8123][total available: 0; route allocated: 1 of 10; total allocated: 1 of 10]
03:09:28.386 [main] DEBUG org.apache.hc.client5.http.impl.io.PoolingHttpClientConnectionManager - ex-0000000001 acquired ep-0000000001
03:09:28.386 [main] DEBUG org.apache.hc.client5.http.impl.classic.InternalHttpClient - ex-0000000001 acquired endpoint ep-0000000001
03:09:28.386 [main] DEBUG org.apache.hc.client5.http.impl.classic.ConnectExec - ex-0000000001 opening connection {}->http://localhost:8123
03:09:28.387 [main] DEBUG org.apache.hc.client5.http.impl.classic.InternalHttpClient - ep-0000000001 connecting endpoint (null)
03:09:28.389 [main] DEBUG org.apache.hc.client5.http.impl.io.PoolingHttpClientConnectionManager - ep-0000000001 connecting endpoint to http://localhost:8123 (0 MILLISECONDS)
03:09:28.390 [main] DEBUG org.apache.hc.client5.http.impl.io.DefaultHttpClientConnectionOperator - localhost resolving remote address
03:09:28.390 [main] DEBUG org.apache.hc.client5.http.impl.io.DefaultHttpClientConnectionOperator - localhost resolved to [localhost/127.0.0.1, localhost/0:0:0:0:0:0:0:1]
03:09:28.406 [main] DEBUG org.apache.hc.client5.http.impl.io.DefaultHttpClientConnectionOperator - localhost:8123 connecting null->localhost/127.0.0.1:8123 (0 MILLISECONDS)
03:09:28.411 [main] DEBUG org.apache.hc.client5.http.impl.io.DefaultManagedHttpClientConnection - http-outgoing-0 set socket timeout to 0 MILLISECONDS
03:09:28.411 [main] DEBUG org.apache.hc.client5.http.impl.io.DefaultHttpClientConnectionOperator - localhost:8123 connected null->localhost/127.0.0.1:8123 as http-outgoing-0
03:09:28.411 [main] DEBUG org.apache.hc.client5.http.impl.io.PoolingHttpClientConnectionManager - ep-0000000001 connected http-outgoing-0
03:09:28.411 [main] DEBUG org.apache.hc.client5.http.impl.classic.InternalHttpClient - ep-0000000001 endpoint connected
03:09:28.412 [main] DEBUG org.apache.hc.client5.http.impl.classic.MainClientExec - ex-0000000001 executing POST /?compress=1 HTTP/1.1
03:09:28.413 [main] DEBUG org.apache.hc.client5.http.protocol.RequestAddCookies - ex-0000000001 Cookie spec selected: strict
03:09:28.421 [main] DEBUG org.apache.hc.client5.http.impl.classic.InternalHttpClient - ep-0000000001 start execution ex-0000000001
03:09:28.421 [main] DEBUG org.apache.hc.client5.http.impl.io.PoolingHttpClientConnectionManager - ep-0000000001 executing exchange ex-0000000001 over http-outgoing-0
03:09:28.422 [main] DEBUG org.apache.hc.client5.http.headers - http-outgoing-0 >> POST /?compress=1 HTTP/1.1
03:09:28.422 [main] DEBUG org.apache.hc.client5.http.headers - http-outgoing-0 >> Content-Type: text/plain
03:09:28.422 [main] DEBUG org.apache.hc.client5.http.headers - http-outgoing-0 >> X-ClickHouse-Format: RowBinaryWithNamesAndTypes
03:09:28.422 [main] DEBUG org.apache.hc.client5.http.headers - http-outgoing-0 >> X-ClickHouse-Database: default
03:09:28.422 [main] DEBUG org.apache.hc.client5.http.headers - http-outgoing-0 >> Authorization: Basic ZGVmYXVsdDo=
03:09:28.422 [main] DEBUG org.apache.hc.client5.http.headers - http-outgoing-0 >> User-Agent: ClickHouse JDBC Driver V2/0.8.3 clickhouse-java-v2/0.8.3 (Windows 11; jvm:17.0.14) Apache-HttpClient/5.2.1
03:09:28.422 [main] DEBUG org.apache.hc.client5.http.headers - http-outgoing-0 >> Accept-Encoding: gzip, x-gzip, deflate
03:09:28.422 [main] DEBUG org.apache.hc.client5.http.headers - http-outgoing-0 >> Transfer-Encoding: chunked
03:09:28.422 [main] DEBUG org.apache.hc.client5.http.headers - http-outgoing-0 >> Host: localhost:8123
03:09:28.422 [main] DEBUG org.apache.hc.client5.http.headers - http-outgoing-0 >> Connection: keep-alive
03:09:28.423 [main] DEBUG org.apache.hc.client5.http.wire - http-outgoing-0 >> "POST /?compress=1 HTTP/1.1[\r][\n]"
03:09:28.423 [main] DEBUG org.apache.hc.client5.http.wire - http-outgoing-0 >> "Content-Type: text/plain[\r][\n]"
03:09:28.424 [main] DEBUG org.apache.hc.client5.http.wire - http-outgoing-0 >> "X-ClickHouse-Format: RowBinaryWithNamesAndTypes[\r][\n]"
03:09:28.424 [main] DEBUG org.apache.hc.client5.http.wire - http-outgoing-0 >> "X-ClickHouse-Database: default[\r][\n]"
03:09:28.424 [main] DEBUG org.apache.hc.client5.http.wire - http-outgoing-0 >> "Authorization: Basic ZGVmYXVsdDo=[\r][\n]"
03:09:28.424 [main] DEBUG org.apache.hc.client5.http.wire - http-outgoing-0 >> "User-Agent: ClickHouse JDBC Driver V2/0.8.3 clickhouse-java-v2/0.8.3 (Windows 11; jvm:17.0.14) Apache-HttpClient/5.2.1[\r][\n]"
03:09:28.424 [main] DEBUG org.apache.hc.client5.http.wire - http-outgoing-0 >> "Accept-Encoding: gzip, x-gzip, deflate[\r][\n]"
03:09:28.424 [main] DEBUG org.apache.hc.client5.http.wire - http-outgoing-0 >> "Transfer-Encoding: chunked[\r][\n]"
03:09:28.424 [main] DEBUG org.apache.hc.client5.http.wire - http-outgoing-0 >> "Host: localhost:8123[\r][\n]"
03:09:28.424 [main] DEBUG org.apache.hc.client5.http.wire - http-outgoing-0 >> "Connection: keep-alive[\r][\n]"
03:09:28.424 [main] DEBUG org.apache.hc.client5.http.wire - http-outgoing-0 >> "[\r][\n]"
03:09:28.424 [main] DEBUG org.apache.hc.client5.http.wire - http-outgoing-0 >> "52[\r][\n]"
03:09:28.424 [main] DEBUG org.apache.hc.client5.http.wire - http-outgoing-0 >> "SELECT currentUser() AS user, timezone() AS timezone, version() AS version LIMIT 1[\r][\n]"
03:09:28.424 [main] DEBUG org.apache.hc.client5.http.wire - http-outgoing-0 >> "0[\r][\n]"
03:09:28.424 [main] DEBUG org.apache.hc.client5.http.wire - http-outgoing-0 >> "[\r][\n]"
03:09:28.441 [main] DEBUG org.apache.hc.client5.http.wire - http-outgoing-0 << "HTTP/1.1 401 Unauthorized[\r][\n]"
03:09:28.442 [main] DEBUG org.apache.hc.client5.http.wire - http-outgoing-0 << "Date: Mon, 14 Apr 2025 21:39:28 GMT[\r][\n]"
03:09:28.442 [main] DEBUG org.apache.hc.client5.http.wire - http-outgoing-0 << "Connection: Keep-Alive[\r][\n]"
03:09:28.442 [main] DEBUG org.apache.hc.client5.http.wire - http-outgoing-0 << "Content-Type: text/plain; charset=UTF-8[\r][\n]"
03:09:28.442 [main] DEBUG org.apache.hc.client5.http.wire - http-outgoing-0 << "Access-Control-Expose-Headers: X-ClickHouse-Query-Id,X-ClickHouse-Summary,X-ClickHouse-Server-Display-Name,X-ClickHouse-Format,X-ClickHouse-Timezone,X-ClickHouse-Exception-Code[\r][\n]"
03:09:28.442 [main] DEBUG org.apache.hc.client5.http.wire - http-outgoing-0 << "X-ClickHouse-Server-Display-Name: 93777bd54ed8[\r][\n]"
03:09:28.442 [main] DEBUG org.apache.hc.client5.http.wire - http-outgoing-0 << "Transfer-Encoding: chunked[\r][\n]"
03:09:28.442 [main] DEBUG org.apache.hc.client5.http.wire - http-outgoing-0 << "X-ClickHouse-Exception-Code: 194[\r][\n]"
03:09:28.442 [main] DEBUG org.apache.hc.client5.http.wire - http-outgoing-0 << "WWW-Authenticate: Basic realm="ClickHouse server HTTP API"[\r][\n]"
03:09:28.442 [main] DEBUG org.apache.hc.client5.http.wire - http-outgoing-0 << "Keep-Alive: timeout=10, max=9999[\r][\n]"
03:09:28.445 [main] DEBUG org.apache.hc.client5.http.wire - http-outgoing-0 << "X-ClickHouse-Summary: {"elapsed_ns":"1248031"}[\r][\n]"
03:09:28.445 [main] DEBUG org.apache.hc.client5.http.wire - http-outgoing-0 << "[\r][\n]"
03:09:28.445 [main] DEBUG org.apache.hc.client5.http.wire - http-outgoing-0 << "28D[\r][\n]"
03:09:28.445 [main] DEBUG org.apache.hc.client5.http.wire - http-outgoing-0 << "Code: 194. DB::Exception: default: Authentication failed: password is incorrect, or there is no user with such name.[\n]"
03:09:28.445 [main] DEBUG org.apache.hc.client5.http.wire - http-outgoing-0 << "[\n]"
03:09:28.446 [main] DEBUG org.apache.hc.client5.http.wire - http-outgoing-0 << "If you use ClickHouse Cloud, the password can be reset at https://clickhouse.cloud/[\n]"
03:09:28.446 [main] DEBUG org.apache.hc.client5.http.wire - http-outgoing-0 << "on the settings page for the corresponding service.[\n]"
03:09:28.446 [main] DEBUG org.apache.hc.client5.http.wire - http-outgoing-0 << "[\n]"
03:09:28.446 [main] DEBUG org.apache.hc.client5.http.wire - http-outgoing-0 << "If you have installed ClickHouse and forgot password you can reset it in the configuration file.[\n]"
03:09:28.446 [main] DEBUG org.apache.hc.client5.http.wire - http-outgoing-0 << "The password for default user is typically located at /etc/clickhouse-server/users.d/default-password.xml[\n]"
03:09:28.446 [main] DEBUG org.apache.hc.client5.http.wire - http-outgoing-0 << "and deleting this file will reset the password.[\n]"
03:09:28.446 [main] DEBUG org.apache.hc.client5.http.wire - http-outgoing-0 << "See also /etc/clickhouse-server/users.xml on the server where ClickHouse is installed.[\n]"
03:09:28.446 [main] DEBUG org.apache.hc.client5.http.wire - http-outgoing-0 << "[\n]"
03:09:28.447 [main] DEBUG org.apache.hc.client5.http.wire - http-outgoing-0 << ". (REQUIRED_PASSWORD) (version 25.3.2.39 (official build))[\n]"
03:09:28.447 [main] DEBUG org.apache.hc.client5.http.wire - http-outgoing-0 << "[\r][\n]"
03:09:28.447 [main] DEBUG org.apache.hc.client5.http.wire - http-outgoing-0 << "0[\r][\n]"
03:09:28.447 [main] DEBUG org.apache.hc.client5.http.wire - http-outgoing-0 << "[\r][\n]"
03:09:28.447 [main] DEBUG org.apache.hc.client5.http.headers - http-outgoing-0 << HTTP/1.1 401 Unauthorized
03:09:28.447 [main] DEBUG org.apache.hc.client5.http.headers - http-outgoing-0 << Date: Mon, 14 Apr 2025 21:39:28 GMT
03:09:28.447 [main] DEBUG org.apache.hc.client5.http.headers - http-outgoing-0 << Connection: Keep-Alive
03:09:28.447 [main] DEBUG org.apache.hc.client5.http.headers - http-outgoing-0 << Content-Type: text/plain; charset=UTF-8
03:09:28.448 [main] DEBUG org.apache.hc.client5.http.headers - http-outgoing-0 << Access-Control-Expose-Headers: X-ClickHouse-Query-Id,X-ClickHouse-Summary,X-ClickHouse-Server-Display-Name,X-ClickHouse-Format,X-ClickHouse-Timezone,X-ClickHouse-Exception-Code
03:09:28.448 [main] DEBUG org.apache.hc.client5.http.headers - http-outgoing-0 << X-ClickHouse-Server-Display-Name: 93777bd54ed8
03:09:28.448 [main] DEBUG org.apache.hc.client5.http.headers - http-outgoing-0 << Transfer-Encoding: chunked
03:09:28.448 [main] DEBUG org.apache.hc.client5.http.headers - http-outgoing-0 << X-ClickHouse-Exception-Code: 194
03:09:28.448 [main] DEBUG org.apache.hc.client5.http.headers - http-outgoing-0 << WWW-Authenticate: Basic realm="ClickHouse server HTTP API"
03:09:28.448 [main] DEBUG org.apache.hc.client5.http.headers - http-outgoing-0 << Keep-Alive: timeout=10, max=9999
03:09:28.448 [main] DEBUG org.apache.hc.client5.http.headers - http-outgoing-0 << X-ClickHouse-Summary: {"elapsed_ns":"1248031"}
03:09:28.456 [main] DEBUG org.apache.hc.client5.http.impl.classic.MainClientExec - ex-0000000001 connection can be kept alive for 10 SECONDS
03:09:28.457 [main] DEBUG org.apache.hc.client5.http.impl.auth.HttpAuthenticator - ex-0000000001 Authentication required
03:09:28.457 [main] DEBUG org.apache.hc.client5.http.impl.auth.HttpAuthenticator - ex-0000000001 localhost:8123 requested authentication
03:09:28.458 [main] DEBUG org.apache.hc.client5.http.impl.DefaultAuthenticationStrategy - ex-0000000001 Authentication schemes in the order of preference: [Negotiate, Kerberos, NTLM, Digest, Basic]
03:09:28.459 [main] DEBUG org.apache.hc.client5.http.impl.DefaultAuthenticationStrategy - ex-0000000001 Challenge for Negotiate authentication scheme not available
03:09:28.459 [main] DEBUG org.apache.hc.client5.http.impl.DefaultAuthenticationStrategy - ex-0000000001 Challenge for Kerberos authentication scheme not available
03:09:28.459 [main] DEBUG org.apache.hc.client5.http.impl.DefaultAuthenticationStrategy - ex-0000000001 Challenge for NTLM authentication scheme not available
03:09:28.459 [main] DEBUG org.apache.hc.client5.http.impl.DefaultAuthenticationStrategy - ex-0000000001 Challenge for Digest authentication scheme not available
03:09:28.461 [main] DEBUG org.apache.hc.client5.http.impl.auth.HttpAuthenticator - ex-0000000001 Selecting authentication options
03:09:28.464 [main] DEBUG org.apache.hc.client5.http.impl.auth.BasicScheme - ex-0000000001 No credentials found for auth scope [Basic 'ClickHouse server HTTP API' http://localhost:8123]
03:09:28.467 [main] DEBUG com.clickhouse.client.api.Client - server compression: true, http compression: false
03:09:28.469 [main] DEBUG org.apache.hc.client5.http.impl.classic.InternalHttpClient - ep-0000000001 releasing valid endpoint
03:09:28.470 [main] DEBUG org.apache.hc.client5.http.impl.io.PoolingHttpClientConnectionManager - ep-0000000001 releasing endpoint
03:09:28.470 [main] DEBUG org.apache.hc.client5.http.impl.io.PoolingHttpClientConnectionManager - ep-0000000001 connection http-outgoing-0 can be kept alive for 10 SECONDS
03:09:28.472 [main] DEBUG org.apache.hc.client5.http.impl.io.PoolingHttpClientConnectionManager - ep-0000000001 connection released [route: {}->http://localhost:8123][total available: 1; route allocated: 1 of 10; total allocated: 1 of 10]
]]></system-out>
    <system-err><![CDATA[java.sql.SQLException: Failed to create connection
	at com.clickhouse.jdbc.ConnectionImpl.<init>(ConnectionImpl.java:104)
	at com.clickhouse.jdbc.Driver.connect(Driver.java:122)
	at com.clickhouse.jdbc.ClickHouseDriver.connect(ClickHouseDriver.java:97)
	at java.sql/java.sql.DriverManager.getConnection(DriverManager.java:681)
	at java.sql/java.sql.DriverManager.getConnection(DriverManager.java:229)
	at com.example.ClickHouseClient.getConnection(ClickHouseClient.java:22)
	at com.example.ClickHouseClient.insertData(ClickHouseClient.java:28)
	at com.example.ClickHouseClientTest.testInsertData(ClickHouseClientTest.java:19)
	at java.base/jdk.internal.reflect.NativeMethodAccessorImpl.invoke0(Native Method)
	at java.base/jdk.internal.reflect.NativeMethodAccessorImpl.invoke(NativeMethodAccessorImpl.java:77)
	at java.base/jdk.internal.reflect.DelegatingMethodAccessorImpl.invoke(DelegatingMethodAccessorImpl.java:43)
	at java.base/java.lang.reflect.Method.invoke(Method.java:568)
	at org.junit.platform.commons.util.ReflectionUtils.invokeMethod(ReflectionUtils.java:727)
	at org.junit.jupiter.engine.execution.MethodInvocation.proceed(MethodInvocation.java:60)
	at org.junit.jupiter.engine.execution.InvocationInterceptorChain$ValidatingInvocation.proceed(InvocationInterceptorChain.java:131)
	at org.junit.jupiter.engine.extension.TimeoutExtension.intercept(TimeoutExtension.java:156)
	at org.junit.jupiter.engine.extension.TimeoutExtension.interceptTestableMethod(TimeoutExtension.java:147)
	at org.junit.jupiter.engine.extension.TimeoutExtension.interceptTestMethod(TimeoutExtension.java:86)
	at org.junit.jupiter.engine.execution.InterceptingExecutableInvoker$ReflectiveInterceptorCall.lambda$ofVoidMethod$0(InterceptingExecutableInvoker.java:103)
	at org.junit.jupiter.engine.execution.InterceptingExecutableInvoker.lambda$invoke$0(InterceptingExecutableInvoker.java:93)
	at org.junit.jupiter.engine.execution.InvocationInterceptorChain$InterceptedInvocation.proceed(InvocationInterceptorChain.java:106)
	at org.junit.jupiter.engine.execution.InvocationInterceptorChain.proceed(InvocationInterceptorChain.java:64)
	at org.junit.jupiter.engine.execution.InvocationInterceptorChain.chainAndInvoke(InvocationInterceptorChain.java:45)
	at org.junit.jupiter.engine.execution.InvocationInterceptorChain.invoke(InvocationInterceptorChain.java:37)
	at org.junit.jupiter.engine.execution.InterceptingExecutableInvoker.invoke(InterceptingExecutableInvoker.java:92)
	at org.junit.jupiter.engine.execution.InterceptingExecutableInvoker.invoke(InterceptingExecutableInvoker.java:86)
	at org.junit.jupiter.engine.descriptor.TestMethodTestDescriptor.lambda$invokeTestMethod$7(TestMethodTestDescriptor.java:217)
	at org.junit.platform.engine.support.hierarchical.ThrowableCollector.execute(ThrowableCollector.java:73)
	at org.junit.jupiter.engine.descriptor.TestMethodTestDescriptor.invokeTestMethod(TestMethodTestDescriptor.java:213)
	at org.junit.jupiter.engine.descriptor.TestMethodTestDescriptor.execute(TestMethodTestDescriptor.java:138)
	at org.junit.jupiter.engine.descriptor.TestMethodTestDescriptor.execute(TestMethodTestDescriptor.java:68)
	at org.junit.platform.engine.support.hierarchical.NodeTestTask.lambda$executeRecursively$6(NodeTestTask.java:151)
	at org.junit.platform.engine.support.hierarchical.ThrowableCollector.execute(ThrowableCollector.java:73)
	at org.junit.platform.engine.support.hierarchical.NodeTestTask.lambda$executeRecursively$8(NodeTestTask.java:141)
	at org.junit.platform.engine.support.hierarchical.Node.around(Node.java:137)
	at org.junit.platform.engine.support.hierarchical.NodeTestTask.lambda$executeRecursively$9(NodeTestTask.java:139)
	at org.junit.platform.engine.support.hierarchical.ThrowableCollector.execute(ThrowableCollector.java:73)
	at org.junit.platform.engine.support.hierarchical.NodeTestTask.executeRecursively(NodeTestTask.java:138)
	at org.junit.platform.engine.support.hierarchical.NodeTestTask.execute(NodeTestTask.java:95)
	at java.base/java.util.ArrayList.forEach(ArrayList.java:1511)
	at org.junit.platform.engine.support.hierarchical.SameThreadHierarchicalTestExecutorService.invokeAll(SameThreadHierarchicalTestExecutorService.java:41)
	at org.junit.platform.engine.support.hierarchical.NodeTestTask.lambda$executeRecursively$6(NodeTestTask.java:155)
	at org.junit.platform.engine.support.hierarchical.ThrowableCollector.execute(ThrowableCollector.java:73)
	at org.junit.platform.engine.support.hierarchical.NodeTestTask.lambda$executeRecursively$8(NodeTestTask.java:141)
	at org.junit.platform.engine.support.hierarchical.Node.around(Node.java:137)
	at org.junit.platform.engine.support.hierarchical.NodeTestTask.lambda$executeRecursively$9(NodeTestTask.java:139)
	at org.junit.platform.engine.support.hierarchical.ThrowableCollector.execute(ThrowableCollector.java:73)
	at org.junit.platform.engine.support.hierarchical.NodeTestTask.executeRecursively(NodeTestTask.java:138)
	at org.junit.platform.engine.support.hierarchical.NodeTestTask.execute(NodeTestTask.java:95)
	at java.base/java.util.ArrayList.forEach(ArrayList.java:1511)
	at org.junit.platform.engine.support.hierarchical.SameThreadHierarchicalTestExecutorService.invokeAll(SameThreadHierarchicalTestExecutorService.java:41)
	at org.junit.platform.engine.support.hierarchical.NodeTestTask.lambda$executeRecursively$6(NodeTestTask.java:155)
	at org.junit.platform.engine.support.hierarchical.ThrowableCollector.execute(ThrowableCollector.java:73)
	at org.junit.platform.engine.support.hierarchical.NodeTestTask.lambda$executeRecursively$8(NodeTestTask.java:141)
	at org.junit.platform.engine.support.hierarchical.Node.around(Node.java:137)
	at org.junit.platform.engine.support.hierarchical.NodeTestTask.lambda$executeRecursively$9(NodeTestTask.java:139)
	at org.junit.platform.engine.support.hierarchical.ThrowableCollector.execute(ThrowableCollector.java:73)
	at org.junit.platform.engine.support.hierarchical.NodeTestTask.executeRecursively(NodeTestTask.java:138)
	at org.junit.platform.engine.support.hierarchical.NodeTestTask.execute(NodeTestTask.java:95)
	at org.junit.platform.engine.support.hierarchical.SameThreadHierarchicalTestExecutorService.submit(SameThreadHierarchicalTestExecutorService.java:35)
	at org.junit.platform.engine.support.hierarchical.HierarchicalTestExecutor.execute(HierarchicalTestExecutor.java:57)
	at org.junit.platform.engine.support.hierarchical.HierarchicalTestEngine.execute(HierarchicalTestEngine.java:54)
	at org.junit.platform.launcher.core.EngineExecutionOrchestrator.execute(EngineExecutionOrchestrator.java:147)
	at org.junit.platform.launcher.core.EngineExecutionOrchestrator.execute(EngineExecutionOrchestrator.java:127)
	at org.junit.platform.launcher.core.EngineExecutionOrchestrator.execute(EngineExecutionOrchestrator.java:90)
	at org.junit.platform.launcher.core.EngineExecutionOrchestrator.lambda$execute$0(EngineExecutionOrchestrator.java:55)
	at org.junit.platform.launcher.core.EngineExecutionOrchestrator.withInterceptedStreams(EngineExecutionOrchestrator.java:102)
	at org.junit.platform.launcher.core.EngineExecutionOrchestrator.execute(EngineExecutionOrchestrator.java:54)
	at org.junit.platform.launcher.core.DefaultLauncher.execute(DefaultLauncher.java:114)
	at org.junit.platform.launcher.core.DefaultLauncher.execute(DefaultLauncher.java:86)
	at org.junit.platform.launcher.core.DefaultLauncherSession$DelegatingLauncher.execute(DefaultLauncherSession.java:86)
	at org.apache.maven.surefire.junitplatform.LazyLauncher.execute(LazyLauncher.java:56)
	at org.apache.maven.surefire.junitplatform.JUnitPlatformProvider.execute(JUnitPlatformProvider.java:184)
	at org.apache.maven.surefire.junitplatform.JUnitPlatformProvider.invokeAllTests(JUnitPlatformProvider.java:148)
	at org.apache.maven.surefire.junitplatform.JUnitPlatformProvider.invoke(JUnitPlatformProvider.java:122)
	at org.apache.maven.surefire.booter.ForkedBooter.runSuitesInProcess(ForkedBooter.java:385)
	at org.apache.maven.surefire.booter.ForkedBooter.execute(ForkedBooter.java:162)
	at org.apache.maven.surefire.booter.ForkedBooter.run(ForkedBooter.java:507)
	at org.apache.maven.surefire.booter.ForkedBooter.main(ForkedBooter.java:495)
Caused by: com.clickhouse.client.api.ClientException: Failed to get server info
	at com.clickhouse.client.api.Client.loadServerInfo(Client.java:204)
	at com.clickhouse.jdbc.ConnectionImpl.<init>(ConnectionImpl.java:93)
	... 78 more
Caused by: com.clickhouse.client.api.ServerException: Code: 194. DB::Exception: default: Authentication failed: password is incorrect, or there is no user with such name. If you use ClickHouse Cloud, the password can be reset at https://clickhouse.cloud/ on the settings page for the corresponding service. If you have installed ClickHouse and forgot password you can reset it in the configuration file. The password for default user is typically located at /etc/clickhouse-server/users.d/default-password.xml and deleting this file will reset the password. See also /etc/clickhouse-server/users.xml on the server where ClickHouse is installed. . (REQUIRED_PASSWORD) (version 25.3.2.39 (official build)) 
	at com.clickhouse.client.api.internal.HttpAPIClientHelper.readError(HttpAPIClientHelper.java:371)
	at com.clickhouse.client.api.internal.HttpAPIClientHelper.executeRequest(HttpAPIClientHelper.java:426)
	at com.clickhouse.client.api.Client.lambda$query$10(Client.java:1705)
	at com.clickhouse.client.api.Client.runAsyncOperation(Client.java:2134)
	at com.clickhouse.client.api.Client.query(Client.java:1748)
	at com.clickhouse.client.api.Client.query(Client.java:1634)
	at com.clickhouse.client.api.Client.loadServerInfo(Client.java:195)
	... 79 more
]]></system-err>
  </testcase>
</testsuite>